<?xml version="1.0" encoding="UTF-8"?>
<testsuite name="UserTest" tests="7" skipped="0" failures="0" errors="0" timestamp="2021-11-25T11:21:01" hostname="zhangyupengdeMacBook-Pro.local" time="0.01">
  <properties/>
  <testcase name="cardNameTest()" classname="UserTest" time="0.001"/>
  <testcase name="authorityTest()" classname="UserTest" time="0.001"/>
  <testcase name="cardNumberTest()" classname="UserTest" time="0.001"/>
  <testcase name="pinTest()" classname="UserTest" time="0.0"/>
  <testcase name="accountTest()" classname="UserTest" time="0.001"/>
  <testcase name="usernameTest()" classname="UserTest" time="0.001"/>
  <testcase name="userIdTest()" classname="UserTest" time="0.001"/>
  <system-out><![CDATA[]]></system-out>
  <system-err><![CDATA[]]></system-err>
</testsuite>
