<?xml version="1.0" encoding="UTF-8"?>
<testsuite name="FilmTest" tests="8" skipped="0" failures="0" errors="0" timestamp="2021-11-25T11:21:03" hostname="zhangyupengdeMacBook-Pro.local" time="0.008">
  <properties/>
  <testcase name="syntest()" classname="FilmTest" time="0.0"/>
  <testcase name="setCaststest()" classname="FilmTest" time="0.0"/>
  <testcase name="idtest()" classname="FilmTest" time="0.0"/>
  <testcase name="setDirectortest()" classname="FilmTest" time="0.001"/>
  <testcase name="setComingDateTest()" classname="FilmTest" time="0.001"/>
  <testcase name="classtest()" classname="FilmTest" time="0.0"/>
  <testcase name="datetest()" classname="FilmTest" time="0.0"/>
  <testcase name="nametest()" classname="FilmTest" time="0.0"/>
  <system-out><![CDATA[]]></system-out>
  <system-err><![CDATA[]]></system-err>
</testsuite>
