<?xml version="1.0" encoding="UTF-8"?>
<testsuite name="BookTest" tests="6" skipped="0" failures="0" errors="0" timestamp="2021-11-25T11:21:02" hostname="zhangyupengdeMacBook-Pro.local" time="0.007">
  <properties/>
  <testcase name="priceTest()" classname="BookTest" time="0.0"/>
  <testcase name="filmnameTest()" classname="BookTest" time="0.0"/>
  <testcase name="userTest()" classname="BookTest" time="0.0"/>
  <testcase name="LocationTest()" classname="BookTest" time="0.001"/>
  <testcase name="showIDTest()" classname="BookTest" time="0.001"/>
  <testcase name="seatsTest()" classname="BookTest" time="0.001"/>
  <system-out><![CDATA[]]></system-out>
  <system-err><![CDATA[]]></system-err>
</testsuite>
